ISim log file
Running: D:\CompArch\Assignment1\test_main_isim_beh.exe -intstyle ise -gui -tclbatch isim.cmd -wdb D:/CompArch/Assignment1/test_main_isim_beh.wdb 
ISim P.20131013 (signature 0x7708f090)
This is a Full version of ISim.
Time resolution is 1 ps
# onerror resume
# wave add /
# run 1000 ns
Simulator is doing circuit initialization process.
Finished circuit initialization process.
Stopped at time : 12 ns : File "D:/CompArch/Assignment1/test_main.v" Line 46
ISim P.20131013 (signature 0x7708f090)
This is a Full version of ISim.
# run 1000 ns
Simulator is doing circuit initialization process.
Finished circuit initialization process.
Stopped at time : 12 ns : File "D:/CompArch/Assignment1/test_main.v" Line 46
ISim P.20131013 (signature 0x7708f090)
This is a Full version of ISim.
# run 1000 ns
Simulator is doing circuit initialization process.
Finished circuit initialization process.
Stopped at time : 12 ns : File "D:/CompArch/Assignment1/test_main.v" Line 46
